<?xml version="1.0" encoding="UTF-8"?>
<beans xmlns="http://www.springframework.org/schema/beans"
	xmlns:xsi="http://www.w3.org/2001/XMLSchema-instance"
	xmlns:mvc="http://www.springframework.org/schema/mvc"
	xmlns:context="http://www.springframework.org/schema/context"
	xsi:schemaLocation="http://www.springframework.org/schema/mvc http://www.springframework.org/schema/mvc/spring-mvc.xsd
		http://www.springframework.org/schema/beans http://www.springframework.org/schema/beans/spring-beans.xsd
		http://www.springframework.org/schema/context http://www.springframework.org/schema/context/spring-context.xsd">
		
	<bean class="org.springframework.beans.factory.config.PropertyPlaceholderConfigurer">
	  <property name="location">
	    <value>data-source.properties</value>
	  </property>
	</bean>
		
  <bean id="dataSource" class="org.apache.commons.dbcp.BasicDataSource">
       <property name="driverClassName" value="${database.driver}"/>
       <property name="url" value="${database.url}"/>
       <property name="username" value="${database.username}"/>
       <property name="password" value="${database.password}"/>
   </bean>
   <!-- SqlSessionFactory설정 -->
   <bean id="sqlSessionFactory" class="org.mybatis.spring.SqlSessionFactoryBean">
       <property name="mapperLocations" 
               value="classpath*:SqlMapper.xml"/>
       <property name="dataSource" ref="dataSource"/>
   </bean>    
   <!-- SqlSessionTemplate설정 -->
   <bean id="sqlSessionTemplate" class="org.mybatis.spring.SqlSessionTemplate">
       <constructor-arg index="0" ref="sqlSessionFactory"/>
   </bean>
	
</beans>
